Arguments: 
  /Users/seongsik/.nvm/versions/node/v8.11.3/bin/node /usr/local/Cellar/yarn/1.10.1/libexec/bin/yarn.js start:client

PATH: 
  /Users/seongsik/.nvm/versions/node/v8.11.3/bin:/Library/Frameworks/Python.framework/Versions/3.6/bin:/Users/seongsik/perl5/perlbrew/bin:/Library/Frameworks/Python.framework/Versions/2.7/bin:/usr/local/bin:/usr/local/bin:/usr/bin:/bin:/usr/sbin:/sbin

Yarn version: 
  1.10.1

Node version: 
  8.11.3

Platform: 
  darwin x64

Trace: 
  SyntaxError: /Users/seongsik/Documents/Northwestern/EECS497/yellow-project1/package.json: Unexpected token / in JSON at position 1289
      at JSON.parse (<anonymous>)
      at /usr/local/Cellar/yarn/1.10.1/libexec/lib/cli.js:1136:59
      at Generator.next (<anonymous>)
      at step (/usr/local/Cellar/yarn/1.10.1/libexec/lib/cli.js:98:30)
      at /usr/local/Cellar/yarn/1.10.1/libexec/lib/cli.js:109:13
      at <anonymous>

npm manifest: 
  {
    "name": "yellow-project1",
    "version": "1.0.0",
    "description": "William Wallace Yahia El Bsat Seongsik Kim David Washington Florian Schiffers",
    "main": "index.js",
    "scripts": {
      "start:server": "cd backend && nodemon server.js --exec babel-node --presets es2015,stage-0",
      "start:client": "cd client && yarn start",
      "start:dev": "concurrently \"yarn start:server\" \"yarn start:client\""
    },
    "repository": {
      "type": "git",
      "url": "git+https://github.com/497-fall2018/yellow-project1.git"
    },
    "keywords": [],
    "author": "",
    "license": "ISC",
    "bugs": {
      "url": "https://github.com/497-fall2018/yellow-project1/issues"
    },
    "homepage": "https://github.com/497-fall2018/yellow-project1#readme",
    "dependencies": {
      "babel-cli": "^6.26.0",
      "babel-preset-es2015": "^6.24.1",
      "babel-preset-stage-0": "^6.24.1",
      "body-parser": "^1.18.3",
      "concurrently": "^4.0.1",
      "express": "^4.16.3",
      "mongoose": "^5.3.1",
      "morgan": "^1.9.1",
      "nodemon": "^1.18.4",
      "prop-types": "^15.6.2",
      "react": "^16.5.2",
      "react-dom": "^16.5.2",
      "react-markdown": "^4.0.0",
      "react-scripts": "2.0.3",
      "whatwg-fetch": "^3.0.0"
    },
    "eslintConfig": {
      "extends": "react-app"
    },
    "proxy": "http://localhost:3001"
    // "browserslist": [
    //   ">0.2%",
    //   "not dead",
    //   "not ie <= 11",
    //   "not op_mini all"
    // ]
    
  }

yarn manifest: 
  No manifest

Lockfile: 
  No lockfile
